Arguments: 
  /home/nightbox69/.nvm/versions/node/v14.16.0/bin/node /home/nightbox69/.yarn/bin/yarn.js add esm

PATH: 
  /home/nightbox69/.yarn/bin:/home/nightbox69/.config/yarn/global/node_modules/.bin:/home/nightbox69/.nvm/versions/node/v14.16.0/bin:/usr/local/sbin:/usr/local/bin:/usr/sbin:/usr/bin:/sbin:/bin:/usr/games:/usr/local/games:/mnt/c/Windows/system32:/mnt/c/Windows:/mnt/c/Windows/System32/Wbem:/mnt/c/Windows/System32/WindowsPowerShell/v1.0/:/mnt/c/Windows/System32/OpenSSH/:/mnt/c/Program Files (x86)/NVIDIA Corporation/PhysX/Common:/mnt/c/Program Files/NVIDIA Corporation/NVIDIA NvDLISR:/mnt/c/Program Files/Intel/WiFi/bin/:/mnt/c/Program Files/Common Files/Intel/WirelessCommon/:/mnt/c/Windows/system32:/mnt/c/Windows:/mnt/c/Windows/System32/Wbem:/mnt/c/Windows/System32/WindowsPowerShell/v1.0/:/mnt/c/Windows/System32/OpenSSH/:/mnt/c/Program Files/dotnet/:/mnt/d/Program Files/Git/cmd:/mnt/c/Users/cglme/AppData/Local/Microsoft/WindowsApps:/mnt/d/Program Files/MiKTeX/miktex/bin/x64/:/mnt/d/Program Files/Microsoft VS Code/bin:/mnt/c/Users/cglme/AppData/Roaming/nvm:/mnt/c/Program Files/nodejs

Yarn version: 
  1.22.5

Node version: 
  14.16.0

Platform: 
  linux x64

Trace: 
  SyntaxError: /mnt/d/Work/bot/package.json: Unexpected string in JSON at position 125
      at JSON.parse (<anonymous>)
      at /home/nightbox69/.yarn/lib/cli.js:1625:59
      at Generator.next (<anonymous>)
      at step (/home/nightbox69/.yarn/lib/cli.js:310:30)
      at /home/nightbox69/.yarn/lib/cli.js:321:13

npm manifest: 
  {
    "name": "botbox69",
    "version": "1.3.0",
    "description": "",
    "main": "src",
    "scripts": {
      "start": "node ."
      "test": "echo \"Error: no test specified\" && exit 1"
    },
    "author": "nightbox69",
    "license": "ISC"
  }

yarn manifest: 
  No manifest

Lockfile: 
  No lockfile
